<?xml version="1.0" encoding="UTF-8"?>
<testng-results ignored="0" total="2" passed="2" failed="0" skipped="0">
  <reporter-output>
  </reporter-output>
  <suite started-at="2025-06-05T01:57:10 IST" name="Default suite" finished-at="2025-06-05T01:57:10 IST" duration-ms="791">
    <groups>
      <group name="cucumber">
        <method signature="AbstractTestNGCucumberTests.runScenario(io.cucumber.testng.PickleWrapper,io.cucumber.testng.FeatureWrapper)[pri:0, instance:runner.TestRunnerForBackgroundDemo@43bc63a3]" name="runScenario" class="io.cucumber.testng.AbstractTestNGCucumberTests"/>
      </group> <!-- cucumber -->
    </groups>
    <test started-at="2025-06-05T01:57:10 IST" name="Default test" finished-at="2025-06-05T01:57:10 IST" duration-ms="791">
      <class name="runner.TestRunnerForBackgroundDemo">
        <test-method is-config="true" signature="setUpClass(org.testng.ITestContext)[pri:0, instance:runner.TestRunnerForBackgroundDemo@43bc63a3]" started-at="2025-06-05T01:57:10 IST" name="setUpClass" finished-at="2025-06-05T01:57:10 IST" duration-ms="568" status="PASS">
          <params>
            <param index="0">
              <value>
                <![CDATA[org.testng.TestRunner@d78795]]>
              </value>
            </param>
          </params>
          <reporter-output>
          </reporter-output>
        </test-method> <!-- setUpClass -->
        <test-method signature="runScenario(io.cucumber.testng.PickleWrapper,io.cucumber.testng.FeatureWrapper)[pri:0, instance:runner.TestRunnerForBackgroundDemo@43bc63a3]" started-at="2025-06-05T01:57:10 IST" name="runScenario" description="Runs Cucumber Scenarios" data-provider="scenarios" finished-at="2025-06-05T01:57:10 IST" duration-ms="119" status="PASS">
          <params>
            <param index="0">
              <value>
                <![CDATA["check logout link"]]>
              </value>
            </param>
            <param index="1">
              <value>
                <![CDATA["Check home page functionality"]]>
              </value>
            </param>
          </params>
          <reporter-output>
          </reporter-output>
        </test-method> <!-- runScenario -->
        <test-method signature="runScenario(io.cucumber.testng.PickleWrapper,io.cucumber.testng.FeatureWrapper)[pri:0, instance:runner.TestRunnerForBackgroundDemo@43bc63a3]" started-at="2025-06-05T01:57:10 IST" name="runScenario" description="Runs Cucumber Scenarios" data-provider="scenarios" finished-at="2025-06-05T01:57:10 IST" duration-ms="13" status="PASS">
          <params>
            <param index="0">
              <value>
                <![CDATA["verify quick launch toolbar is present"]]>
              </value>
            </param>
            <param index="1">
              <value>
                <![CDATA["Check home page functionality"]]>
              </value>
            </param>
          </params>
          <reporter-output>
          </reporter-output>
        </test-method> <!-- runScenario -->
        <test-method is-config="true" signature="tearDownClass()[pri:0, instance:runner.TestRunnerForBackgroundDemo@43bc63a3]" started-at="2025-06-05T01:57:10 IST" name="tearDownClass" finished-at="2025-06-05T01:57:10 IST" duration-ms="37" status="PASS">
          <reporter-output>
          </reporter-output>
        </test-method> <!-- tearDownClass -->
      </class> <!-- runner.TestRunnerForBackgroundDemo -->
    </test> <!-- Default test -->
  </suite> <!-- Default suite -->
</testng-results>
